<?xml version="1.0" encoding="UTF-8"?>
<!-- Generated by org.testng.reporters.JUnitReportReporter -->
<testsuite hostname="DESKTOP-NHDNDD3" failures="0" tests="1" name="com.qa.testscripts.TC_Scenario_001" time="31.578" errors="0" timestamp="2023-11-14T16:08:17 IST" skipped="0">
  <testcase classname="com.qa.testscripts.TC_Scenario_001" name="Scenario1" time="31.578"/>
  <system-out/>
</testsuite> <!-- com.qa.testscripts.TC_Scenario_001 -->
