<?xml version="1.0" encoding="UTF-8"?>
<!-- Generated by org.testng.reporters.JUnitReportReporter -->
<testsuite hostname="DESKTOP-NHDNDD3" failures="0" tests="1" name="com.qa.testscripts.TC_Scenario_002" time="61.248" errors="0" timestamp="2023-11-14T16:38:43 IST" skipped="0">
  <testcase classname="com.qa.testscripts.TC_Scenario_002" name="Scenario2" time="61.248"/>
  <system-out/>
</testsuite> <!-- com.qa.testscripts.TC_Scenario_002 -->
